生成启动时间为 2018/10/29 13:24:26。
     1>项目“D:\c++\10.28.02\10.28.02\10.28.02.vcxproj”在节点 2 上(build 个目标)。
     1>InitializeBuildStatus:
         正在对“Debug\10.28.02.unsuccessfulbuild”执行 Touch 任务。
       ClCompile:
         D:\Program Files\VC\bin\CL.exe /c /ZI /nologo /W3 /WX- /Od /Oy- /D WIN32 /D _DEBUG /D _CONSOLE /D _UNICODE /D UNICODE /Gm /EHsc /RTC1 /MDd /GS /fp:precise /Zc:wchar_t /Zc:forScope /Fo"Debug\\" /Fd"Debug\vc100.pdb" /Gd /TC /analyze- /errorReport:prompt 10.28.02.c
         10.28.02.c
     1>d:\c++\10.28.02\10.28.02\10.28.02.c(91): warning C4996: 'scanf': This function or variable may be unsafe. Consider using scanf_s instead. To disable deprecation, use _CRT_SECURE_NO_WARNINGS. See online help for details.
                 d:\program files\vc\include\stdio.h(304) : 参见“scanf”的声明
     1>d:\c++\10.28.02\10.28.02\10.28.02.c(92): error C2143: 语法错误 : 缺少“;”(在“类型”的前面)
     1>d:\c++\10.28.02\10.28.02\10.28.02.c(93): error C2143: 语法错误 : 缺少“;”(在“类型”的前面)
     1>d:\c++\10.28.02\10.28.02\10.28.02.c(95): error C2065: “t”: 未声明的标识符
     1>d:\c++\10.28.02\10.28.02\10.28.02.c(95): warning C4244: “=”: 从“double”转换到“int”，可能丢失数据
     1>d:\c++\10.28.02\10.28.02\10.28.02.c(96): error C2065: “s”: 未声明的标识符
     1>d:\c++\10.28.02\10.28.02\10.28.02.c(96): error C2065: “t”: 未声明的标识符
     1>d:\c++\10.28.02\10.28.02\10.28.02.c(96): warning C4244: “=”: 从“double”转换到“int”，可能丢失数据
     1>d:\c++\10.28.02\10.28.02\10.28.02.c(97): error C2065: “s”: 未声明的标识符
     1>已完成生成项目“D:\c++\10.28.02\10.28.02\10.28.02.vcxproj”(build 个目标)的操作 - 失败。

生成失败。

已用时间 00:00:00.13
