生成启动时间为 2018/11/30 10:47:19。
     1>项目“D:\c++\11.30\11.30\11.30.vcxproj”在节点 2 上(build 个目标)。
     1>InitializeBuildStatus:
         正在对“Debug\11.30.unsuccessfulbuild”执行 Touch 任务。
       ClCompile:
         所有输出均为最新。
       ManifestResourceCompile:
         所有输出均为最新。
       Link:
         D:\Program Files\VC\bin\link.exe /ERRORREPORT:PROMPT /OUT:"D:\c++\11.30\Debug\11.30.exe" /INCREMENTAL /NOLOGO kernel32.lib user32.lib gdi32.lib winspool.lib comdlg32.lib advapi32.lib shell32.lib ole32.lib oleaut32.lib uuid.lib odbc32.lib odbccp32.lib /MANIFEST /ManifestFile:"Debug\11.30.exe.intermediate.manifest" /MANIFESTUAC:"level='asInvoker' uiAccess='false'" /DEBUG /PDB:"D:\c++\11.30\Debug\11.30.pdb" /SUBSYSTEM:CONSOLE /TLBID:1 /DYNAMICBASE /NXCOMPAT /IMPLIB:"D:\c++\11.30\Debug\11.30.lib" /MACHINE:X86 Debug\11.30.exe.embed.manifest.res
         "Debug\11.19(26).obj"
         "Debug\实验报告二.obj"
         "Debug\自习室.obj"
     1>实验报告二.obj : error LNK2005: _main 已经在 11.19(26).obj 中定义
     1>自习室.obj : error LNK2005: _main 已经在 11.19(26).obj 中定义
     1>D:\c++\11.30\Debug\11.30.exe : fatal error LNK1169: 找到一个或多个多重定义的符号
     1>已完成生成项目“D:\c++\11.30\11.30\11.30.vcxproj”(build 个目标)的操作 - 失败。

生成失败。

已用时间 00:00:00.31
