生成启动时间为 2018/12/13 23:36:50。
     1>项目“D:\c++\12.3\12.3\12.3.vcxproj”在节点 2 上(build 个目标)。
     1>InitializeBuildStatus:
         正在创建“Debug\12.3.unsuccessfulbuild”，因为已指定“AlwaysCreate”。
       ClCompile:
         所有输出均为最新。
       ManifestResourceCompile:
         所有输出均为最新。
       Link:
         D:\Program Files\VC\bin\link.exe /ERRORREPORT:PROMPT /OUT:"D:\c++\12.3\Debug\12.3.exe" /INCREMENTAL /NOLOGO kernel32.lib user32.lib gdi32.lib winspool.lib comdlg32.lib advapi32.lib shell32.lib ole32.lib oleaut32.lib uuid.lib odbc32.lib odbccp32.lib /MANIFEST /ManifestFile:"Debug\12.3.exe.intermediate.manifest" /MANIFESTUAC:"level='asInvoker' uiAccess='false'" /DEBUG /PDB:"D:\c++\12.3\Debug\12.3.pdb" /SUBSYSTEM:CONSOLE /TLBID:1 /DYNAMICBASE /NXCOMPAT /IMPLIB:"D:\c++\12.3\Debug\12.3.lib" /MACHINE:X86 Debug\12.3.exe.embed.manifest.res
         Debug\p01.obj
     1>p01.obj : error LNK2001: 无法解析的外部符号 _result
     1>D:\c++\12.3\Debug\12.3.exe : fatal error LNK1120: 1 个无法解析的外部命令
     1>已完成生成项目“D:\c++\12.3\12.3\12.3.vcxproj”(build 个目标)的操作 - 失败。

生成失败。

已用时间 00:00:00.24
