生成启动时间为 2018/12/8 21:50:12。
     1>项目“D:\c++\12.6\12.6\12.6.vcxproj”在节点 2 上(build 个目标)。
     1>InitializeBuildStatus:
         正在对“Debug\12.6.unsuccessfulbuild”执行 Touch 任务。
       ClCompile:
         所有输出均为最新。
       ManifestResourceCompile:
         所有输出均为最新。
       Link:
         D:\Program Files\VC\bin\link.exe /ERRORREPORT:PROMPT /OUT:"D:\c++\12.6\Debug\12.6.exe" /INCREMENTAL /NOLOGO kernel32.lib user32.lib gdi32.lib winspool.lib comdlg32.lib advapi32.lib shell32.lib ole32.lib oleaut32.lib uuid.lib odbc32.lib odbccp32.lib /MANIFEST /ManifestFile:"Debug\12.6.exe.intermediate.manifest" /MANIFESTUAC:"level='asInvoker' uiAccess='false'" /DEBUG /PDB:"D:\c++\12.6\Debug\12.6.pdb" /SUBSYSTEM:CONSOLE /TLBID:1 /DYNAMICBASE /NXCOMPAT /IMPLIB:"D:\c++\12.6\Debug\12.6.lib" /MACHINE:X86 Debug\12.6.exe.embed.manifest.res
         Debug\c01.obj
     1>c01.obj : error LNK2019: 无法解析的外部符号 _menu，该符号在函数 _main 中被引用
     1>D:\c++\12.6\Debug\12.6.exe : fatal error LNK1120: 1 个无法解析的外部命令
     1>已完成生成项目“D:\c++\12.6\12.6\12.6.vcxproj”(build 个目标)的操作 - 失败。

生成失败。

已用时间 00:00:00.36
