生成启动时间为 2018/12/15 19:56:06。
     1>项目“D:\c++\12.15\12.15\12.15.vcxproj”在节点 2 上(rebuild 个目标)。
     1>_PrepareForClean:
         正在删除文件“Debug\12.15.lastbuildstate”。
       InitializeBuildStatus:
         正在对“Debug\12.15.unsuccessfulbuild”执行 Touch 任务。
       ClCompile:
         D:\Program Files\VC\bin\CL.exe /c /ZI /nologo /W3 /WX- /Od /Oy- /D WIN32 /D _DEBUG /D _CONSOLE /D _UNICODE /D UNICODE /Gm /EHsc /RTC1 /MDd /GS /fp:precise /Zc:wchar_t /Zc:forScope /Fo"Debug\\" /Fd"Debug\vc100.pdb" /Gd /TC /analyze- /errorReport:prompt 12.15.01.c
         12.15.01.c
     1>d:\c++\12.15\12.15\12.15.01.c(77): error C2085: “main”: 不在形参表中
     1>d:\c++\12.15\12.15\12.15.01.c(77): error C2143: 语法错误 : 缺少“;”(在“{”的前面)
     1>d:\c++\12.15\12.15\12.15.01.c(78): error C2082: 形参“stuNum”的重定义
     1>d:\c++\12.15\12.15\12.15.01.c(80): error C2082: 形参“curName”的重定义
     1>d:\c++\12.15\12.15\12.15.01.c(81): error C2082: 形参“score”的重定义
     1>d:\c++\12.15\12.15\12.15.01.c(84): error C2146: 语法错误: 缺少“)”(在标识符“curName”的前面)
     1>d:\c++\12.15\12.15\12.15.01.c(84): error C2081: “xhar”: 形参表中的名称非法
     1>d:\c++\12.15\12.15\12.15.01.c(84): error C2061: 语法错误: 标识符“curName”
     1>d:\c++\12.15\12.15\12.15.01.c(84): error C2059: 语法错误:“;”
     1>d:\c++\12.15\12.15\12.15.01.c(84): error C3409: 不允许空特性块
     1>d:\c++\12.15\12.15\12.15.01.c(84): error C3409: 不允许空特性块
     1>d:\c++\12.15\12.15\12.15.01.c(84): error C2143: 语法错误 : 缺少“]”(在“常量”的前面)
     1>d:\c++\12.15\12.15\12.15.01.c(84): error C2059: 语法错误:“)”
     1>已完成生成项目“D:\c++\12.15\12.15\12.15.vcxproj”(rebuild 个目标)的操作 - 失败。

生成失败。

已用时间 00:00:00.82
